
2018-02-11T15:51:44.651Z
Setting [console.prompt] to: mytools>
2018-02-11T15:51:47.277Z
Setting [console.prompt] to: googlecontacts>
2018-02-11T21:32:16.032Z
Setting [console.prompt] to: mytools>
2018-02-11T21:32:18.511Z
Setting [console.prompt] to: googlecontacts>
2018-02-11T22:02:02.143Z
Setting [console.prompt] to: mytools>
2018-02-11T22:02:05.432Z
Setting [console.prompt] to: googlecontacts>
2018-02-11T22:33:50.352Z
Setting [console.prompt] to: mytools>
2018-02-11T22:33:51.345Z
Setting [console.prompt] to: googlecontacts>
2018-02-11T22:33:52.385Z
HTTP call! curl -H "Authorization: Bearer ya29.GltfBWOuP7fKw91PKxanCzsup56O9WHszd5EAIXM5xNWqaC8wZaOPH8WqOr4Wz63_14Cya3xLkoSaiH-MAdimrRwm2dNb3H1_faZUk0DJpKc3wfPKH-VN9-wpVAT" -H "GData-Version: 3.0" https://www.google.com/m8/feeds/contacts/default/full?alt=json&max-results=1000&orderby=lastmodified
2018-02-11T22:33:55.244Z
{"0":{"$id":2}}
2018-02-11T22:35:04.084Z
Setting [console.prompt] to: mytools>
2018-02-11T22:35:05.189Z
Setting [console.prompt] to: googlecontacts>
2018-02-11T22:35:06.221Z
HTTP call! curl -H "Authorization: Bearer ya29.GltfBWOuP7fKw91PKxanCzsup56O9WHszd5EAIXM5xNWqaC8wZaOPH8WqOr4Wz63_14Cya3xLkoSaiH-MAdimrRwm2dNb3H1_faZUk0DJpKc3wfPKH-VN9-wpVAT" -H "GData-Version: 3.0" https://www.google.com/m8/feeds/contacts/default/full?alt=json&max-results=1000&orderby=lastmodified
2018-02-11T22:35:30.388Z
Setting [console.prompt] to: mytools>
2018-02-11T22:35:31.164Z
Setting [console.prompt] to: googlecontacts>
2018-02-11T22:35:32.192Z
HTTP call! curl -H "Authorization: Bearer ya29.GltfBWOuP7fKw91PKxanCzsup56O9WHszd5EAIXM5xNWqaC8wZaOPH8WqOr4Wz63_14Cya3xLkoSaiH-MAdimrRwm2dNb3H1_faZUk0DJpKc3wfPKH-VN9-wpVAT" -H "GData-Version: 3.0" https://www.google.com/m8/feeds/contacts/default/full?alt=json&max-results=1000&orderby=lastmodified
2018-02-11T22:35:34.990Z
{"0":{"$id":2}}
2018-02-11T22:38:04.944Z
Setting [console.prompt] to: mytools>
2018-02-11T22:38:05.951Z
Setting [console.prompt] to: googlecontacts>
2018-02-11T22:39:17.829Z
{"0":{"$id":2}}
2018-02-11T22:40:41.693Z
Setting [console.prompt] to: mytools>
2018-02-11T22:40:42.779Z
Setting [console.prompt] to: googlecontacts>
2018-02-11T22:51:05.257Z
Setting [console.prompt] to: mytools>
2018-02-11T22:51:06.388Z
Setting [console.prompt] to: googlecontacts>
2018-02-11T22:53:48.698Z
Setting [console.prompt] to: mytools>
2018-02-11T22:53:49.799Z
Setting [console.prompt] to: googlecontacts>
2018-02-11T22:54:20.530Z
Setting [console.prompt] to: mytools>
2018-02-11T22:54:21.759Z
Setting [console.prompt] to: googlecontacts>
2018-02-11T22:54:38.945Z
Setting [console.prompt] to: mytools>
2018-02-11T22:54:40.080Z
Setting [console.prompt] to: googlecontacts>
2018-02-12T19:00:29.498Z
Setting [console.prompt] to: mytools>
2018-02-12T19:00:30.615Z
Setting [console.prompt] to: pushbullet>
2018-02-13T09:55:36.738Z
Loaded profile: Nel Suki
2018-02-13T10:03:38.178Z
Setting [console.prompt] to: mytools>
2018-02-13T10:03:41.207Z
Setting [console.prompt] to: pushbullet>
2018-02-13T10:03:59.194Z
Loaded profile: Nel Suki
2018-02-13T10:04:33.502Z
Setting [console.prompt] to: mytools>
2018-02-13T10:04:36.352Z
Setting [console.prompt] to: pushbullet>
2018-02-13T10:04:37.196Z
Loaded profile: Nel Suki
2018-02-13T10:04:37.773Z
Setting [console.prompt] to: sms>
2018-02-13T10:04:38.748Z
WS opened successfully. Listening..
2018-02-13T10:49:09.330Z
Setting [console.prompt] to: mytools>
2018-02-13T10:49:12.499Z
Setting [console.prompt] to: pushbullet>
2018-02-13T10:49:30.477Z
Loaded profile: Nel Suki
2018-02-13T11:40:14.699Z
Setting [console.prompt] to: mytools>
2018-02-13T11:40:23.252Z
Setting [console.prompt] to: googlecontacts>
2018-02-13T11:42:47.252Z
Error while requesting access Token.
2018-02-13T11:42:47.252Z
{              
   "$id": 1
}
2018-02-13T11:42:52.759Z
Setting [console.prompt] to: mytools>
2018-02-13T11:42:57.249Z
Setting [console.prompt] to: googlecontacts>
2018-02-13T11:43:00.101Z
{              
   "$id": 1
}
2018-02-13T11:43:00.100Z
Error while requesting access Token.
2018-02-13T11:43:44.365Z
Setting [console.prompt] to: mytools>
2018-02-13T11:43:47.630Z
Setting [console.prompt] to: googlecontacts>
2018-02-13T11:45:11.435Z
Error while requesting access Token.
2018-02-13T11:45:11.436Z
{              
   "$id": 1
}
2018-02-13T11:45:33.200Z
Setting [console.prompt] to: mytools>
2018-02-13T11:45:34.612Z
Setting [console.prompt] to: googlecontacts>
2018-02-13T11:46:11.294Z
Error while requesting access Token.
2018-02-13T11:46:11.294Z
{              
   "$id": 1
}
2018-02-13T11:46:14.101Z
Setting [console.prompt] to: mytools>
2018-02-13T11:46:15.501Z
Setting [console.prompt] to: googlecontacts>
2018-02-13T11:46:17.180Z
Device authorization code: 	{
   "status": "success",
   "verification_url": "https://www.google.com/device",
   "expires_in": 1800,
   "interval": 5,
   "device_code": "AH-1Ng10q8BJju0pKybND3seJYF2ifGPcj3cdn7D1wOm2Ey4rJ6tLmNlQ4KO-JahaH-Pnwj8vNPBLYSWlRpyVyb004HXx81-Gg",
   "user_code": "JTNZ-JYKM",
   "expiryDate": "2018-02-13T12:16:17.179Z",
   "expiry": 1518524177179,
   "$id": 1
}
2018-02-14T11:22:09.093Z
Setting [console.prompt] to: mytools>
2018-02-14T11:22:11.452Z
Setting [console.prompt] to: whatsapp>
2018-02-14T11:23:49.468Z
Setting [console.prompt] to: mytools>
2018-02-14T11:23:51.725Z
Setting [console.prompt] to: whatsapp>
2018-02-14T11:46:49.786Z
Setting [console.prompt] to: mytools>
2018-02-14T11:46:52.086Z
Setting [console.prompt] to: whatsapp>
2018-02-14T11:47:45.028Z
Setting [console.prompt] to: mytools>
2018-02-14T11:47:47.422Z
Setting [console.prompt] to: whatsapp>
2018-02-14T11:56:17.009Z
Setting [console.prompt] to: mytools>
2018-02-14T11:56:19.405Z
Setting [console.prompt] to: whatsapp>
2018-02-14T11:57:11.517Z
Setting [console.prompt] to: mytools>
2018-02-14T11:57:13.642Z
Setting [console.prompt] to: whatsapp>
2018-02-14T11:58:47.991Z
Setting [console.prompt] to: mytools>
2018-02-14T11:58:50.210Z
Setting [console.prompt] to: whatsapp>
2018-02-14T11:59:24.011Z
Setting [console.prompt] to: mytools>
2018-02-14T11:59:26.210Z
Setting [console.prompt] to: whatsapp>
2018-02-14T12:01:07.695Z
Setting [console.prompt] to: mytools>
2018-02-14T12:01:10.083Z
Setting [console.prompt] to: whatsapp>
2018-02-14T19:39:50.511Z
Setting [console.prompt] to: mytools>
2018-02-14T19:39:52.642Z
Setting [console.prompt] to: whatsapp>
2018-02-14T19:39:55.073Z
Device authorization code: 	{
   "status": "success",
   "verification_url": "https://www.google.com/device",
   "expires_in": 1800,
   "interval": 5,
   "device_code": "AH-1Ng0fCHHOuzMpbLvhoirxtZO3H5zAGgKvuQPfFJRzRHdzjUIh6qGQAwipx8WPQlfOIpu21cSPmt7ew-swsBacVhVwHXid2g",
   "user_code": "GBWV-TGBC",
   "expiryDate": "2018-02-14T20:09:55.072Z",
   "expiry": 1518638995072,
   "$id": 1,
   "Used": true,
   "AccessToken": {
      "status": "success",
      "access_token": "ya29.GlthBf_X16oi_dRfVTgACfFhGHpV4jwAOVS-3kbIMksCscrdvQ0fxL4IoiFwwW3P9G3_nU9fi1_5i1sC85jjzgUZ6XxIUe_yvlsEtCNkOT6U-ET2VwYWk5x1AcfA",
      "token_type": "Bearer",
      "expires_in": 3600,
      "refresh_token": "1/VnxPmGnH4gyFi81XzeiE4IorOiVmHCCqKCrEAfXo1hNTFSmBuDRCKA_PBOhCkSt_",
      "expiryDate": "2018-02-13T12:52:57.846Z",
      "expiry": 1518526377846,
      "$id": 1
   }
}
2018-02-14T19:59:16.986Z
Setting [console.prompt] to: mytools>
2018-02-14T19:59:19.053Z
Setting [console.prompt] to: whatsapp>
2018-02-14T19:59:50.817Z
Setting [console.prompt] to: mytools>
2018-02-14T19:59:52.772Z
Setting [console.prompt] to: whatsapp>
2018-02-14T20:00:30.647Z
Setting [console.prompt] to: mytools>
2018-02-14T20:00:32.669Z
Setting [console.prompt] to: whatsapp>
2018-02-14T20:19:31.660Z
Setting [console.prompt] to: mytools>
2018-02-14T20:40:54.507Z
Setting [console.prompt] to: mytools>
2018-02-14T20:41:40.828Z
Setting [console.prompt] to: whatsapp>
2018-02-14T20:46:23.316Z
Setting [console.prompt] to: mytools>
2018-02-14T20:46:25.209Z
Setting [console.prompt] to: whatsapp>
2018-02-14T20:50:48.122Z
Setting [console.prompt] to: mytools>
2018-02-14T20:50:49.918Z
Setting [console.prompt] to: whatsapp>
2018-02-14T21:22:08.410Z
Setting [console.prompt] to: mytools>
2018-02-14T21:22:10.323Z
Setting [console.prompt] to: whatsapp>
2018-02-14T21:22:54.514Z
Setting [console.prompt] to: mytools>
2018-02-14T21:22:56.381Z
Setting [console.prompt] to: whatsapp>
2018-02-14T21:25:38.941Z
Setting [console.prompt] to: mytools>
2018-02-14T21:25:41.244Z
Setting [console.prompt] to: whatsapp>
2018-02-14T21:25:43.324Z
Retrying!! Attempt 1 of 20.
2018-02-14T21:25:44.337Z
Retrying!! Attempt 2 of 20.
2018-02-14T21:25:45.344Z
Retrying!! Attempt 3 of 20.
2018-02-14T21:25:46.352Z
Retrying!! Attempt 4 of 20.
2018-02-14T21:25:47.361Z
Retrying!! Attempt 5 of 20.
2018-02-14T21:25:48.367Z
Retrying!! Attempt 6 of 20.
2018-02-14T21:25:49.376Z
Retrying!! Attempt 7 of 20.
2018-02-14T21:25:50.382Z
Retrying!! Attempt 8 of 20.
2018-02-14T21:25:51.389Z
Retrying!! Attempt 9 of 20.
2018-02-14T21:25:52.395Z
Retrying!! Attempt 10 of 20.
2018-02-14T21:25:53.400Z
Retrying!! Attempt 11 of 20.
2018-02-14T21:25:54.411Z
Retrying!! Attempt 12 of 20.
2018-02-14T21:25:55.420Z
Retrying!! Attempt 13 of 20.
2018-02-14T21:25:56.428Z
Retrying!! Attempt 14 of 20.
2018-02-14T21:25:57.434Z
Retrying!! Attempt 15 of 20.
2018-02-14T21:25:58.444Z
Retrying!! Attempt 16 of 20.
2018-02-14T21:25:59.451Z
Retrying!! Attempt 17 of 20.
2018-02-14T21:26:00.457Z
Retrying!! Attempt 18 of 20.
2018-02-14T21:26:01.464Z
Retrying!! Attempt 19 of 20.
2018-02-14T21:26:02.468Z
Retrying!! Attempt 20 of 20.
2018-02-14T21:27:18.778Z
Setting [console.prompt] to: mytools>
2018-02-14T21:27:20.742Z
Setting [console.prompt] to: whatsapp>
2018-02-14T21:27:22.795Z
Retrying!! Attempt 1 of 20.
2018-02-14T21:27:23.802Z
Retrying!! Attempt 2 of 20.
2018-02-14T21:27:24.807Z
Retrying!! Attempt 3 of 20.
2018-02-14T21:27:25.812Z
Retrying!! Attempt 4 of 20.
2018-02-14T21:27:26.819Z
Retrying!! Attempt 5 of 20.
2018-02-14T21:27:27.824Z
Retrying!! Attempt 6 of 20.
2018-02-14T21:27:28.831Z
Retrying!! Attempt 7 of 20.
2018-02-14T21:27:29.839Z
Retrying!! Attempt 8 of 20.
2018-02-14T21:27:30.847Z
Retrying!! Attempt 9 of 20.
2018-02-14T21:27:31.854Z
Retrying!! Attempt 10 of 20.
2018-02-14T21:27:32.860Z
Retrying!! Attempt 11 of 20.
2018-02-14T21:27:33.866Z
Retrying!! Attempt 12 of 20.
2018-02-14T21:27:34.872Z
Retrying!! Attempt 13 of 20.
2018-02-14T21:27:35.879Z
Retrying!! Attempt 14 of 20.
2018-02-14T21:27:36.886Z
Retrying!! Attempt 15 of 20.
2018-02-14T21:27:37.900Z
Retrying!! Attempt 16 of 20.
2018-02-14T21:27:38.910Z
Retrying!! Attempt 17 of 20.
2018-02-14T21:27:39.921Z
Retrying!! Attempt 18 of 20.
2018-02-14T21:27:40.928Z
Retrying!! Attempt 19 of 20.
2018-02-14T21:27:41.937Z
Retrying!! Attempt 20 of 20.
2018-02-14T21:27:42.957Z
Max retries reached!
2018-02-16T10:17:46.004Z
Setting [console.prompt] to: mytools>
2018-02-16T10:17:50.451Z
Setting [console.prompt] to: contacts>
2018-02-16T10:19:11.758Z
Retrying!! Attempt 1 of 20.
2018-02-16T10:19:12.760Z
Retrying!! Attempt 2 of 20.
2018-02-16T10:19:13.761Z
Retrying!! Attempt 3 of 20.
2018-02-16T10:19:14.762Z
Retrying!! Attempt 4 of 20.
2018-02-16T10:19:15.762Z
Retrying!! Attempt 5 of 20.
2018-02-16T10:19:16.764Z
Retrying!! Attempt 6 of 20.
2018-02-16T10:19:17.765Z
Retrying!! Attempt 7 of 20.
2018-02-16T10:19:18.766Z
Retrying!! Attempt 8 of 20.
2018-02-16T10:19:19.767Z
Retrying!! Attempt 9 of 20.
2018-02-16T10:19:20.767Z
Retrying!! Attempt 10 of 20.
2018-02-16T10:19:21.769Z
Retrying!! Attempt 11 of 20.
2018-02-16T10:19:22.771Z
Retrying!! Attempt 12 of 20.
2018-02-16T10:19:23.775Z
Retrying!! Attempt 13 of 20.
2018-02-16T10:19:24.776Z
Retrying!! Attempt 14 of 20.
2018-02-16T10:19:25.778Z
Retrying!! Attempt 15 of 20.
2018-02-16T10:19:26.779Z
Retrying!! Attempt 16 of 20.
2018-02-16T10:19:27.780Z
Retrying!! Attempt 17 of 20.
2018-02-16T10:19:28.781Z
Retrying!! Attempt 18 of 20.
2018-02-16T10:19:29.781Z
Retrying!! Attempt 19 of 20.
2018-02-16T10:19:30.781Z
Retrying!! Attempt 20 of 20.
2018-02-16T10:19:31.783Z
Max retries reached!
2018-02-16T20:47:28.993Z
Setting [console.prompt] to: mytools>
2018-02-16T20:47:33.944Z
Setting [console.prompt] to: contacts>
2018-02-16T20:48:13.247Z
Max retries reached!
2018-02-16T20:48:36.491Z
Setting [console.prompt] to: mytools>
2018-02-16T20:48:40.607Z
Setting [console.prompt] to: contacts>
2018-02-17T06:51:39.259Z
Setting [console.prompt] to: mytools>
2018-02-17T06:51:44.764Z
Setting [console.prompt] to: contacts>
2018-03-25T00:31:35.229Z
Setting [console.prompt] to: mytools>
2018-03-25T00:31:41.843Z
Setting [console.prompt] to: crawler>
2018-03-25T00:32:03.825Z
Setting [console.prompt] to: mytools>
2018-03-25T00:32:09.372Z
Setting [console.prompt] to: crawler>
2018-03-25T00:44:16.945Z
Setting [console.prompt] to: mytools>
2018-03-25T00:44:21.928Z
Setting [console.prompt] to: crawler>
2018-03-25T00:48:46.122Z
Setting [console.prompt] to: mytools>
2018-03-25T00:48:50.919Z
Setting [console.prompt] to: crawler>
2018-03-25T00:50:14.185Z
Setting [console.prompt] to: mytools>
2018-03-25T00:50:19.090Z
Setting [console.prompt] to: crawler>
2018-03-25T00:56:02.672Z
Setting [console.prompt] to: mytools>
2018-03-25T00:56:08.474Z
Setting [console.prompt] to: crawler>
2018-03-25T00:57:05.023Z
Setting [console.prompt] to: mytools>
2018-03-25T00:57:09.704Z
Setting [console.prompt] to: crawler>
2018-03-25T00:58:58.738Z
Setting [console.prompt] to: mytools>
2018-03-25T00:59:03.948Z
Setting [console.prompt] to: crawler>
2018-03-25T00:59:37.783Z
Setting [console.prompt] to: mytools>
2018-03-25T00:59:42.546Z
Setting [console.prompt] to: crawler>
2018-03-25T01:00:40.927Z
Setting [console.prompt] to: mytools>
2018-03-25T01:00:45.684Z
Setting [console.prompt] to: crawler>
2018-03-25T01:01:02.997Z
Setting [console.prompt] to: mytools>
2018-03-25T01:01:08.204Z
Setting [console.prompt] to: crawler>
2018-03-25T01:06:18.904Z
Setting [console.prompt] to: mytools>
2018-03-25T01:06:24.376Z
Setting [console.prompt] to: crawler>
2018-03-25T01:09:19.312Z
Setting [console.prompt] to: mytools>
2018-03-25T01:09:23.989Z
Setting [console.prompt] to: crawler>
2018-03-25T01:10:09.089Z
Setting [console.prompt] to: mytools>
2018-03-25T01:10:14.505Z
Setting [console.prompt] to: crawler>
2018-03-25T01:12:28.545Z
Setting [console.prompt] to: mytools>
2018-03-25T01:12:33.504Z
Setting [console.prompt] to: crawler>
2018-03-25T01:13:17.061Z
Setting [console.prompt] to: mytools>
2018-03-25T01:13:21.565Z
Setting [console.prompt] to: crawler>
2018-03-25T01:20:14.521Z
Setting [console.prompt] to: mytools>
2018-03-25T01:20:19.633Z
Setting [console.prompt] to: crawler>
2018-03-25T01:20:50.865Z
Setting [console.prompt] to: mytools>
2018-03-25T01:20:55.574Z
Setting [console.prompt] to: crawler>
2018-03-25T01:22:27.525Z
Setting [console.prompt] to: mytools>
2018-03-25T01:22:32.779Z
Setting [console.prompt] to: crawler>
2018-03-25T01:23:23.609Z
Setting [console.prompt] to: mytools>
2018-03-25T01:23:28.638Z
Setting [console.prompt] to: crawler>
2018-03-25T01:24:01.202Z
Setting [console.prompt] to: mytools>
2018-03-25T01:24:08.511Z
Setting [console.prompt] to: crawler>
2018-03-25T01:24:43.951Z
Setting [console.prompt] to: mytools>
2018-03-25T01:24:49.814Z
Setting [console.prompt] to: crawler>
2018-03-25T01:25:32.098Z
Setting [console.prompt] to: mytools>
2018-03-25T01:25:36.810Z
Setting [console.prompt] to: crawler>
2018-03-25T01:27:44.460Z
Setting [console.prompt] to: mytools>
2018-03-25T01:27:49.458Z
Setting [console.prompt] to: crawler>
2018-03-25T01:28:38.953Z
Setting [console.prompt] to: mytools>
2018-03-25T01:28:43.797Z
Setting [console.prompt] to: crawler>
2018-03-25T01:30:36.747Z
Setting [console.prompt] to: mytools>
2018-03-25T01:30:41.587Z
Setting [console.prompt] to: crawler>
2018-03-25T01:34:37.117Z
Setting [console.prompt] to: mytools>
2018-03-25T01:34:41.975Z
Setting [console.prompt] to: crawler>
2018-03-25T01:37:08.261Z
Setting [console.prompt] to: mytools>
2018-03-25T01:37:13.290Z
Setting [console.prompt] to: crawler>
2018-03-25T01:38:31.451Z
Setting [console.prompt] to: mytools>
2018-03-25T01:38:37.177Z
Setting [console.prompt] to: crawler>
2018-03-25T01:38:54.828Z
Setting [console.prompt] to: mytools>
2018-03-25T01:38:59.953Z
Setting [console.prompt] to: crawler>
2018-03-25T01:39:42.391Z
Setting [console.prompt] to: mytools>
2018-03-25T01:39:47.678Z
Setting [console.prompt] to: crawler>
2018-03-25T01:40:15.396Z
Setting [console.prompt] to: mytools>
2018-03-25T01:40:20.150Z
Setting [console.prompt] to: crawler>
2018-03-25T01:41:14.148Z
Setting [console.prompt] to: mytools>
2018-03-25T01:41:18.954Z
Setting [console.prompt] to: crawler>
2018-03-25T01:41:32.672Z
Setting [console.prompt] to: mytools>
2018-03-25T01:41:37.631Z
Setting [console.prompt] to: crawler>
2018-03-25T01:42:08.352Z
Setting [console.prompt] to: mytools>
2018-03-25T01:42:13.855Z
Setting [console.prompt] to: crawler>
2018-03-25T01:43:29.151Z
Setting [console.prompt] to: mytools>
2018-03-25T01:43:33.973Z
Setting [console.prompt] to: crawler>
2018-03-25T01:44:08.426Z
Setting [console.prompt] to: mytools>
2018-03-25T01:44:13.650Z
Setting [console.prompt] to: crawler>
2018-03-25T01:44:44.238Z
Setting [console.prompt] to: mytools>
2018-03-25T01:44:49.329Z
Setting [console.prompt] to: crawler>
2018-03-25T01:45:19.225Z
Setting [console.prompt] to: mytools>
2018-03-25T01:45:23.973Z
Setting [console.prompt] to: crawler>
2018-03-25T02:04:02.235Z
Setting [console.prompt] to: mytools>
2018-03-25T02:04:08.870Z
Setting [console.prompt] to: crawler>
2018-03-25T02:04:54.725Z
Setting [console.prompt] to: mytools>
2018-03-25T02:05:00.680Z
Setting [console.prompt] to: crawler>
2018-03-25T02:14:22.001Z
Setting [console.prompt] to: mytools>
2018-03-25T02:14:27.922Z
Setting [console.prompt] to: crawler>
2018-03-25T02:15:23.555Z
Setting [console.prompt] to: mytools>
2018-03-25T02:15:28.665Z
Setting [console.prompt] to: crawler>
2018-03-25T02:21:47.426Z
Setting [console.prompt] to: mytools>
2018-03-25T02:21:52.658Z
Setting [console.prompt] to: crawler>
2018-03-25T02:22:44.440Z
Setting [console.prompt] to: mytools>
2018-03-25T02:22:49.504Z
Setting [console.prompt] to: crawler>
2018-03-25T02:25:30.980Z
Setting [console.prompt] to: mytools>
2018-03-25T02:25:36.252Z
Setting [console.prompt] to: crawler>
2018-03-25T02:26:53.241Z
Setting [console.prompt] to: mytools>
2018-03-25T02:26:58.442Z
Setting [console.prompt] to: crawler>
2018-03-25T02:27:58.812Z
Setting [console.prompt] to: mytools>
2018-03-25T02:28:03.936Z
Setting [console.prompt] to: crawler>
2018-03-25T02:28:53.449Z
Setting [console.prompt] to: mytools>
2018-03-25T02:28:58.067Z
Setting [console.prompt] to: crawler>
2018-03-25T02:30:19.037Z
Setting [console.prompt] to: mytools>
2018-03-25T02:30:24.478Z
Setting [console.prompt] to: crawler>
2018-03-25T02:32:09.694Z
Setting [console.prompt] to: mytools>
2018-03-25T02:32:15.251Z
Setting [console.prompt] to: crawler>
2018-03-25T02:33:33.372Z
Setting [console.prompt] to: mytools>
2018-03-25T02:33:38.044Z
Setting [console.prompt] to: crawler>
2018-03-25T02:50:38.080Z
Setting [console.prompt] to: mytools>
2018-03-25T02:50:42.581Z
Setting [console.prompt] to: crawler>
2018-03-25T03:42:25.789Z
Setting [console.prompt] to: mytools>
2018-03-25T03:42:31.000Z
Setting [console.prompt] to: crawler>
2018-03-25T11:12:42.936Z
Setting [console.prompt] to: mytools>
2018-03-25T11:13:03.093Z
Setting [console.prompt] to: crawler>
2018-03-25T11:32:58.127Z
Setting [console.prompt] to: mytools>
2018-03-25T11:33:03.790Z
Setting [console.prompt] to: crawler>
2018-03-25T11:35:23.057Z
Setting [console.prompt] to: mytools>
2018-03-25T11:35:29.353Z
Setting [console.prompt] to: crawler>
2018-03-25T11:43:46.689Z
Setting [console.prompt] to: mytools>
2018-03-25T11:43:52.432Z
Setting [console.prompt] to: crawler>
2018-03-25T11:50:18.516Z
Setting [console.prompt] to: mytools>
2018-03-25T11:50:24.317Z
Setting [console.prompt] to: crawler>
2018-03-25T11:55:00.347Z
Setting [console.prompt] to: mytools>
2018-03-25T11:55:12.119Z
Setting [console.prompt] to: crawler>
2018-03-25T11:56:26.345Z
Setting [console.prompt] to: mytools>
2018-03-25T11:56:46.030Z
Setting [console.prompt] to: crawler>
2018-03-25T12:18:52.966Z
Setting [console.prompt] to: mytools>
2018-03-25T12:18:56.699Z
Setting [console.prompt] to: crawler>
2018-03-25T12:20:29.626Z
Setting [console.prompt] to: mytools>
2018-03-25T12:20:33.058Z
Setting [console.prompt] to: crawler>
2018-03-25T12:21:01.341Z
Setting [console.prompt] to: mytools>
2018-03-25T12:21:04.157Z
Setting [console.prompt] to: crawler>
2018-03-25T12:21:34.913Z
Setting [console.prompt] to: mytools>
2018-03-25T12:21:38.380Z
Setting [console.prompt] to: crawler>
2018-03-25T12:22:54.770Z
Setting [console.prompt] to: mytools>
2018-03-25T12:22:58.045Z
Setting [console.prompt] to: crawler>
2018-03-25T12:25:20.066Z
Setting [console.prompt] to: crawler>
2018-03-25T12:25:16.747Z
Setting [console.prompt] to: mytools>
2018-03-25T16:43:24.831Z
Setting [console.prompt] to: mytools>
2018-03-25T16:43:27.425Z
Setting [console.prompt] to: crawler>
2018-03-25T16:44:30.573Z
Setting [console.prompt] to: mytools>
2018-03-25T16:44:32.915Z
Setting [console.prompt] to: crawler>
2018-03-25T17:28:16.891Z
Setting [console.prompt] to: mytools>
2018-03-25T17:28:24.717Z
Setting [console.prompt] to: crawler>
2018-03-25T17:31:24.014Z
Setting [console.prompt] to: mytools>
2018-03-25T17:31:31.376Z
Setting [console.prompt] to: crawler>
2018-03-25T17:37:02.995Z
Setting [console.prompt] to: mytools>
2018-03-25T17:37:08.585Z
Setting [console.prompt] to: crawler>
2018-03-25T17:38:25.242Z
Setting [console.prompt] to: mytools>
2018-03-25T17:38:31.025Z
Setting [console.prompt] to: crawler>
2018-03-25T17:40:26.765Z
Setting [console.prompt] to: mytools>
2018-03-25T17:40:32.641Z
Setting [console.prompt] to: crawler>
2018-03-25T17:41:28.828Z
Setting [console.prompt] to: mytools>
2018-03-25T17:41:35.033Z
Setting [console.prompt] to: crawler>
2018-03-25T18:16:15.957Z
Setting [console.prompt] to: mytools>
2018-03-25T18:16:22.524Z
Setting [console.prompt] to: crawler>
2018-03-25T18:18:44.919Z
Setting [console.prompt] to: mytools>
2018-03-25T18:18:52.681Z
Setting [console.prompt] to: crawler>
2018-03-25T18:19:52.500Z
Setting [console.prompt] to: mytools>
2018-03-25T18:19:58.872Z
Setting [console.prompt] to: crawler>
2018-03-25T20:47:36.492Z
Setting [console.prompt] to: mytools>
2018-03-25T20:47:41.771Z
Setting [console.prompt] to: crawler>
2018-03-25T20:50:56.396Z
Setting [console.prompt] to: mytools>
2018-03-25T20:50:58.291Z
Setting [console.prompt] to: crawler>
2018-03-25T20:52:21.022Z
Setting [console.prompt] to: mytools>
2018-03-25T20:52:22.951Z
Setting [console.prompt] to: crawler>
2018-03-25T20:52:50.363Z
Setting [console.prompt] to: mytools>
2018-03-25T20:52:52.288Z
Setting [console.prompt] to: crawler>
2018-03-25T20:53:58.578Z
Setting [console.prompt] to: mytools>
2018-03-25T20:54:00.474Z
Setting [console.prompt] to: crawler>
2018-03-25T20:54:48.332Z
Setting [console.prompt] to: mytools>
2018-03-25T20:54:50.131Z
Setting [console.prompt] to: crawler>
2018-03-25T20:58:50.160Z
Setting [console.prompt] to: mytools>
2018-03-25T20:58:52.191Z
Setting [console.prompt] to: crawler>
2018-03-25T21:13:02.566Z
Setting [console.prompt] to: mytools>
2018-03-25T21:13:09.085Z
Setting [console.prompt] to: crawler>
2018-03-25T21:16:25.854Z
Setting [console.prompt] to: mytools>
2018-03-25T21:16:33.540Z
Setting [console.prompt] to: crawler>
2018-03-25T21:27:50.372Z
Setting [console.prompt] to: mytools>
2018-03-25T21:27:57.596Z
Setting [console.prompt] to: crawler>